Performing C SOURCE FILE Test CMAKE_HAVE_LIBC_PTHREAD failed with the following output:
Change Dir: /home/gowtham/ws_moveit/build/my_arm_xacro/CMakeFiles/CMakeTmp

Run Build Command(s):/usr/bin/make cmTC_ed968/fast && /usr/bin/make  -f CMakeFiles/cmTC_ed968.dir/build.make CMakeFiles/cmTC_ed968.dir/build
make[1]: Entering directory '/home/gowtham/ws_moveit/build/my_arm_xacro/CMakeFiles/CMakeTmp'
Building C object CMakeFiles/cmTC_ed968.dir/src.c.o
/usr/bin/cc   -DCMAKE_HAVE_LIBC_PTHREAD -o CMakeFiles/cmTC_ed968.dir/src.c.o -c /home/gowtham/ws_moveit/build/my_arm_xacro/CMakeFiles/CMakeTmp/src.c
Linking C executable cmTC_ed968
/home/gowtham/.local/lib/python2.7/site-packages/cmake/data/bin/cmake -E cmake_link_script CMakeFiles/cmTC_ed968.dir/link.txt --verbose=1
/usr/bin/cc  -DCMAKE_HAVE_LIBC_PTHREAD -rdynamic CMakeFiles/cmTC_ed968.dir/src.c.o -o cmTC_ed968 
CMakeFiles/cmTC_ed968.dir/src.c.o: In function `main':
src.c:(.text+0x3c): undefined reference to `pthread_create'
src.c:(.text+0x48): undefined reference to `pthread_detach'
src.c:(.text+0x54): undefined reference to `pthread_cancel'
src.c:(.text+0x65): undefined reference to `pthread_join'
src.c:(.text+0x79): undefined reference to `pthread_atfork'
collect2: error: ld returned 1 exit status
CMakeFiles/cmTC_ed968.dir/build.make:105: recipe for target 'cmTC_ed968' failed
make[1]: *** [cmTC_ed968] Error 1
make[1]: Leaving directory '/home/gowtham/ws_moveit/build/my_arm_xacro/CMakeFiles/CMakeTmp'
Makefile:140: recipe for target 'cmTC_ed968/fast' failed
make: *** [cmTC_ed968/fast] Error 2


Source file was:
#include <pthread.h>

void* test_func(void* data)
{
  return data;
}

int main(void)
{
  pthread_t thread;
  pthread_create(&thread, NULL, test_func, NULL);
  pthread_detach(thread);
  pthread_cancel(thread);
  pthread_join(thread, NULL);
  pthread_atfork(NULL, NULL, NULL);
  pthread_exit(NULL);

  return 0;
}

Determining if the function pthread_create exists in the pthreads failed with the following output:
Change Dir: /home/gowtham/ws_moveit/build/my_arm_xacro/CMakeFiles/CMakeTmp

Run Build Command(s):/usr/bin/make cmTC_6796b/fast && /usr/bin/make  -f CMakeFiles/cmTC_6796b.dir/build.make CMakeFiles/cmTC_6796b.dir/build
make[1]: Entering directory '/home/gowtham/ws_moveit/build/my_arm_xacro/CMakeFiles/CMakeTmp'
Building C object CMakeFiles/cmTC_6796b.dir/CheckFunctionExists.c.o
/usr/bin/cc   -DCHECK_FUNCTION_EXISTS=pthread_create -o CMakeFiles/cmTC_6796b.dir/CheckFunctionExists.c.o -c /home/gowtham/.local/lib/python2.7/site-packages/cmake/data/share/cmake-3.18/Modules/CheckFunctionExists.c
Linking C executable cmTC_6796b
/home/gowtham/.local/lib/python2.7/site-packages/cmake/data/bin/cmake -E cmake_link_script CMakeFiles/cmTC_6796b.dir/link.txt --verbose=1
/usr/bin/cc  -DCHECK_FUNCTION_EXISTS=pthread_create -rdynamic CMakeFiles/cmTC_6796b.dir/CheckFunctionExists.c.o -o cmTC_6796b  -lpthreads 
/usr/bin/ld: cannot find -lpthreads
collect2: error: ld returned 1 exit status
CMakeFiles/cmTC_6796b.dir/build.make:105: recipe for target 'cmTC_6796b' failed
make[1]: *** [cmTC_6796b] Error 1
make[1]: Leaving directory '/home/gowtham/ws_moveit/build/my_arm_xacro/CMakeFiles/CMakeTmp'
Makefile:140: recipe for target 'cmTC_6796b/fast' failed
make: *** [cmTC_6796b/fast] Error 2



Determining if the function sgemm_ exists failed with the following output:
Change Dir: /home/gowtham/ws_moveit/build/my_arm_xacro/CMakeFiles/CMakeTmp

Run Build Command(s):/usr/bin/make cmTC_39e07/fast && /usr/bin/make  -f CMakeFiles/cmTC_39e07.dir/build.make CMakeFiles/cmTC_39e07.dir/build
make[1]: Entering directory '/home/gowtham/ws_moveit/build/my_arm_xacro/CMakeFiles/CMakeTmp'
Building C object CMakeFiles/cmTC_39e07.dir/CheckFunctionExists.c.o
/usr/bin/cc   -DCHECK_FUNCTION_EXISTS=sgemm_ -o CMakeFiles/cmTC_39e07.dir/CheckFunctionExists.c.o -c /home/gowtham/.local/lib/python2.7/site-packages/cmake/data/share/cmake-3.18/Modules/CheckFunctionExists.c
Linking C executable cmTC_39e07
/home/gowtham/.local/lib/python2.7/site-packages/cmake/data/bin/cmake -E cmake_link_script CMakeFiles/cmTC_39e07.dir/link.txt --verbose=1
/usr/bin/cc  -DCHECK_FUNCTION_EXISTS=sgemm_ -rdynamic CMakeFiles/cmTC_39e07.dir/CheckFunctionExists.c.o -o cmTC_39e07 
CMakeFiles/cmTC_39e07.dir/CheckFunctionExists.c.o: In function `main':
CheckFunctionExists.c:(.text+0x10): undefined reference to `sgemm_'
collect2: error: ld returned 1 exit status
CMakeFiles/cmTC_39e07.dir/build.make:105: recipe for target 'cmTC_39e07' failed
make[1]: *** [cmTC_39e07] Error 1
make[1]: Leaving directory '/home/gowtham/ws_moveit/build/my_arm_xacro/CMakeFiles/CMakeTmp'
Makefile:140: recipe for target 'cmTC_39e07/fast' failed
make: *** [cmTC_39e07/fast] Error 2



Determining if the function cheev_ exists failed with the following output:
Change Dir: /home/gowtham/ws_moveit/build/my_arm_xacro/CMakeFiles/CMakeTmp

Run Build Command(s):/usr/bin/make cmTC_fde7f/fast && /usr/bin/make  -f CMakeFiles/cmTC_fde7f.dir/build.make CMakeFiles/cmTC_fde7f.dir/build
make[1]: Entering directory '/home/gowtham/ws_moveit/build/my_arm_xacro/CMakeFiles/CMakeTmp'
Building C object CMakeFiles/cmTC_fde7f.dir/CheckFunctionExists.c.o
/usr/bin/cc   -DCHECK_FUNCTION_EXISTS=cheev_ -o CMakeFiles/cmTC_fde7f.dir/CheckFunctionExists.c.o -c /home/gowtham/.local/lib/python2.7/site-packages/cmake/data/share/cmake-3.18/Modules/CheckFunctionExists.c
Linking C executable cmTC_fde7f
/home/gowtham/.local/lib/python2.7/site-packages/cmake/data/bin/cmake -E cmake_link_script CMakeFiles/cmTC_fde7f.dir/link.txt --verbose=1
/usr/bin/cc  -DCHECK_FUNCTION_EXISTS=cheev_ -rdynamic CMakeFiles/cmTC_fde7f.dir/CheckFunctionExists.c.o -o cmTC_fde7f  /usr/lib/libblas.so -lpthread -lm -ldl 
CMakeFiles/cmTC_fde7f.dir/CheckFunctionExists.c.o: In function `main':
CheckFunctionExists.c:(.text+0x10): undefined reference to `cheev_'
collect2: error: ld returned 1 exit status
CMakeFiles/cmTC_fde7f.dir/build.make:106: recipe for target 'cmTC_fde7f' failed
make[1]: *** [cmTC_fde7f] Error 1
make[1]: Leaving directory '/home/gowtham/ws_moveit/build/my_arm_xacro/CMakeFiles/CMakeTmp'
Makefile:140: recipe for target 'cmTC_fde7f/fast' failed
make: *** [cmTC_fde7f/fast] Error 2



